<?xml version="1.0" encoding="UTF-8"?>
<!-- Generated by org.testng.reporters.JUnitXMLReporter -->
<testsuite hostname="apples-MacBook-Pro.local" ignored="3" name="Test" tests="2" failures="0" timestamp="2021-08-31T10:56:30 IST" time="5.655" errors="0">
  <testcase name="verifyLogin" time="1.139" classname="com.MyProject.FrameworkDemo.VerifyLoginWithInValidCredentials"/>
  <testcase name="verifyForgotPasswordStatus" time="0.073" classname="com.MyProject.FrameworkDemo.VerifyForgotPassword"/>
  <testcase name="@BeforeTest launchApplication" time="0.0" classname="com.MyProject.FrameworkDemo.MyProjectBase">
    <ignored/>
  </testcase> <!-- @BeforeTest launchApplication -->
  <testcase name="@AfterSuite killSession" time="0.0" classname="com.MyProject.FrameworkDemo.MyProjectBase">
    <ignored/>
  </testcase> <!-- @AfterSuite killSession -->
  <testcase name="@BeforeSuite launchBrowser" time="0.0" classname="com.MyProject.FrameworkDemo.MyProjectBase">
    <ignored/>
  </testcase> <!-- @BeforeSuite launchBrowser -->
</testsuite> <!-- Test -->
