<?xml version="1.0" encoding="UTF-8"?>
<testng-results skipped="0" failed="0" ignored="3" total="5" passed="2">
  <reporter-output>
  </reporter-output>
  <suite name="Suite" duration-ms="7949" started-at="2021-08-30T15:58:41 IST" finished-at="2021-08-30T15:58:49 IST">
    <groups>
    </groups>
    <test name="Test" duration-ms="7949" started-at="2021-08-30T15:58:41 IST" finished-at="2021-08-30T15:58:49 IST">
      <class name="com.MyProject.FrameworkDemo.VerifyLoginWithInValidCredentials">
        <test-method status="PASS" signature="launchBrowser()[pri:0, instance:com.MyProject.FrameworkDemo.VerifyLoginWithInValidCredentials@711f39f9]" name="launchBrowser" is-config="true" duration-ms="2083" started-at="2021-08-30T15:58:39 IST" finished-at="2021-08-30T15:58:41 IST">
          <reporter-output>
          </reporter-output>
        </test-method> <!-- launchBrowser -->
        <test-method status="PASS" signature="launchApplication()[pri:0, instance:com.MyProject.FrameworkDemo.VerifyLoginWithInValidCredentials@711f39f9]" name="launchApplication" is-config="true" duration-ms="5707" started-at="2021-08-30T15:58:41 IST" finished-at="2021-08-30T15:58:47 IST">
          <reporter-output>
          </reporter-output>
        </test-method> <!-- launchApplication -->
        <test-method status="PASS" signature="initializePages()[pri:0, instance:com.MyProject.FrameworkDemo.VerifyLoginWithInValidCredentials@711f39f9]" name="initializePages" is-config="true" duration-ms="20" started-at="2021-08-30T15:58:47 IST" finished-at="2021-08-30T15:58:47 IST">
          <reporter-output>
          </reporter-output>
        </test-method> <!-- initializePages -->
        <test-method status="PASS" signature="verifyLogin()[pri:0, instance:com.MyProject.FrameworkDemo.VerifyLoginWithInValidCredentials@711f39f9]" name="verifyLogin" duration-ms="2122" started-at="2021-08-30T15:58:47 IST" finished-at="2021-08-30T15:58:49 IST">
          <reporter-output>
          </reporter-output>
        </test-method> <!-- verifyLogin -->
        <test-method status="PASS" signature="killSession()[pri:0, instance:com.MyProject.FrameworkDemo.VerifyLoginWithInValidCredentials@711f39f9]" name="killSession" is-config="true" duration-ms="104" started-at="2021-08-30T15:58:54 IST" finished-at="2021-08-30T15:58:55 IST">
          <reporter-output>
          </reporter-output>
        </test-method> <!-- killSession -->
      </class> <!-- com.MyProject.FrameworkDemo.VerifyLoginWithInValidCredentials -->
      <class name="com.MyProject.FrameworkDemo.VerifyForgotPassword">
        <test-method status="PASS" signature="initializePages()[pri:0, instance:com.MyProject.FrameworkDemo.VerifyForgotPassword@71bbf57e]" name="initializePages" is-config="true" duration-ms="5" started-at="2021-08-30T15:58:49 IST" finished-at="2021-08-30T15:58:49 IST">
          <reporter-output>
          </reporter-output>
        </test-method> <!-- initializePages -->
        <test-method status="PASS" signature="verifyForgotPasswordStatus()[pri:0, instance:com.MyProject.FrameworkDemo.VerifyForgotPassword@71bbf57e]" name="verifyForgotPasswordStatus" duration-ms="64" started-at="2021-08-30T15:58:49 IST" finished-at="2021-08-30T15:58:49 IST">
          <reporter-output>
          </reporter-output>
        </test-method> <!-- verifyForgotPasswordStatus -->
      </class> <!-- com.MyProject.FrameworkDemo.VerifyForgotPassword -->
    </test> <!-- Test -->
  </suite> <!-- Suite -->
</testng-results>
